"2022-07-04 09:48:49 [restartedMain] INFO  c.c.a.AuthorizationApplication - Starting AuthorizationApplication using Java 17.0.2 on DESKTOP-AFP5QJR with PID 11820 (C:\Users\HP\Downloads\5_6143241665072072678\Portfolio project\Portfolio project\Authorization\target\classes started by HP in C:\Users\HP\Downloads\5_6143241665072072678\Portfolio project\Portfolio project\Authorization)
""2022-07-04 09:48:49 [restartedMain] INFO  c.c.a.AuthorizationApplication - No active profile set, falling back to 1 default profile: "default"
""2022-07-04 09:48:49 [restartedMain] INFO  o.s.b.d.e.DevToolsPropertyDefaultsPostProcessor - Devtools property defaults active! Set 'spring.devtools.add-properties' to 'false' to disable
""2022-07-04 09:48:49 [restartedMain] INFO  o.s.b.d.e.DevToolsPropertyDefaultsPostProcessor - For additional web related logging consider setting the 'logging.level.web' property to 'DEBUG'
""2022-07-04 09:48:52 [restartedMain] INFO  o.s.d.r.c.RepositoryConfigurationDelegate - Bootstrapping Spring Data JPA repositories in DEFAULT mode.
""2022-07-04 09:48:52 [restartedMain] INFO  o.s.d.r.c.RepositoryConfigurationDelegate - Finished Spring Data repository scanning in 100 ms. Found 1 JPA repository interfaces.
""2022-07-04 09:48:54 [restartedMain] INFO  o.s.b.w.e.tomcat.TomcatWebServer - Tomcat initialized with port(s): 8081 (http)
""2022-07-04 09:48:55 [restartedMain] INFO  o.a.catalina.core.StandardService - Starting service [Tomcat]
""2022-07-04 09:48:55 [restartedMain] INFO  o.a.catalina.core.StandardEngine - Starting Servlet engine: [Apache Tomcat/9.0.58]
""2022-07-04 09:48:55 [restartedMain] INFO  o.a.c.c.C.[Tomcat].[localhost].[/] - Initializing Spring embedded WebApplicationContext
""2022-07-04 09:48:55 [restartedMain] INFO  o.s.b.w.s.c.ServletWebServerApplicationContext - Root WebApplicationContext: initialization completed in 6011 ms
""2022-07-04 09:48:55 [restartedMain] INFO  com.zaxxer.hikari.HikariDataSource - HikariPool-1 - Starting...
""2022-07-04 09:48:56 [restartedMain] INFO  com.zaxxer.hikari.HikariDataSource - HikariPool-1 - Start completed.
""2022-07-04 09:48:56 [restartedMain] INFO  o.s.b.a.h.H2ConsoleAutoConfiguration - H2 console available at '/h2-console'. Database available at 'jdbc:h2:mem:pms'
""2022-07-04 09:48:57 [restartedMain] INFO  o.h.jpa.internal.util.LogHelper - HHH000204: Processing PersistenceUnitInfo [name: default]
""2022-07-04 09:48:57 [restartedMain] INFO  org.hibernate.Version - HHH000412: Hibernate ORM core version 5.6.5.Final
""2022-07-04 09:48:58 [restartedMain] INFO  o.h.annotations.common.Version - HCANN000001: Hibernate Commons Annotations {5.1.2.Final}
""2022-07-04 09:48:58 [restartedMain] INFO  org.hibernate.dialect.Dialect - HHH000400: Using dialect: org.hibernate.dialect.H2Dialect
""2022-07-04 09:49:00 [restartedMain] INFO  o.h.e.t.j.p.i.JtaPlatformInitiator - HHH000490: Using JtaPlatform implementation: [org.hibernate.engine.transaction.jta.platform.internal.NoJtaPlatform]
""2022-07-04 09:49:00 [restartedMain] INFO  o.s.o.j.LocalContainerEntityManagerFactoryBean - Initialized JPA EntityManagerFactory for persistence unit 'default'
""2022-07-04 09:49:01 [restartedMain] WARN  o.s.b.a.o.j.JpaBaseConfiguration$JpaWebConfiguration - spring.jpa.open-in-view is enabled by default. Therefore, database queries may be performed during view rendering. Explicitly configure spring.jpa.open-in-view to disable this warning
""2022-07-04 09:49:02 [restartedMain] INFO  o.s.s.web.DefaultSecurityFilterChain - Will not secure any request
""2022-07-04 09:49:02 [restartedMain] INFO  o.s.b.d.a.OptionalLiveReloadServer - LiveReload server is running on port 35729
""2022-07-04 09:49:03 [restartedMain] INFO  o.s.b.w.e.tomcat.TomcatWebServer - Tomcat started on port(s): 8081 (http) with context path ''
""2022-07-04 09:49:03 [restartedMain] INFO  c.c.a.AuthorizationApplication - Started AuthorizationApplication in 16.32 seconds (JVM running for 18.181)
""2022-07-04 10:09:59 [restartedMain] INFO  c.c.a.AuthorizationApplication - Starting AuthorizationApplication using Java 17.0.2 on DESKTOP-AFP5QJR with PID 15488 (C:\Users\HP\Downloads\5_6143241665072072678\Portfolio project\Portfolio project\Authorization\target\classes started by HP in C:\Users\HP\Downloads\5_6143241665072072678\Portfolio project\Portfolio project\Authorization)
""2022-07-04 10:09:59 [restartedMain] INFO  c.c.a.AuthorizationApplication - No active profile set, falling back to 1 default profile: "default"
""2022-07-04 10:09:59 [restartedMain] INFO  o.s.b.d.e.DevToolsPropertyDefaultsPostProcessor - Devtools property defaults active! Set 'spring.devtools.add-properties' to 'false' to disable
""2022-07-04 10:09:59 [restartedMain] INFO  o.s.b.d.e.DevToolsPropertyDefaultsPostProcessor - For additional web related logging consider setting the 'logging.level.web' property to 'DEBUG'
""2022-07-04 10:10:02 [restartedMain] INFO  o.s.d.r.c.RepositoryConfigurationDelegate - Bootstrapping Spring Data JPA repositories in DEFAULT mode.
""2022-07-04 10:10:02 [restartedMain] INFO  o.s.d.r.c.RepositoryConfigurationDelegate - Finished Spring Data repository scanning in 113 ms. Found 1 JPA repository interfaces.
""2022-07-04 10:10:05 [restartedMain] INFO  o.s.b.w.e.tomcat.TomcatWebServer - Tomcat initialized with port(s): 8081 (http)
""2022-07-04 10:10:05 [restartedMain] INFO  o.a.catalina.core.StandardService - Starting service [Tomcat]
""2022-07-04 10:10:05 [restartedMain] INFO  o.a.catalina.core.StandardEngine - Starting Servlet engine: [Apache Tomcat/9.0.58]
""2022-07-04 10:10:06 [restartedMain] INFO  o.a.c.c.C.[Tomcat].[localhost].[/] - Initializing Spring embedded WebApplicationContext
""2022-07-04 10:10:06 [restartedMain] INFO  o.s.b.w.s.c.ServletWebServerApplicationContext - Root WebApplicationContext: initialization completed in 6738 ms
""2022-07-04 10:10:06 [restartedMain] INFO  com.zaxxer.hikari.HikariDataSource - HikariPool-1 - Starting...
""2022-07-04 10:10:07 [restartedMain] INFO  com.zaxxer.hikari.HikariDataSource - HikariPool-1 - Start completed.
""2022-07-04 10:10:07 [restartedMain] INFO  o.s.b.a.h.H2ConsoleAutoConfiguration - H2 console available at '/h2-console'. Database available at 'jdbc:h2:mem:pms'
""2022-07-04 10:10:07 [restartedMain] INFO  o.h.jpa.internal.util.LogHelper - HHH000204: Processing PersistenceUnitInfo [name: default]
""2022-07-04 10:10:07 [restartedMain] INFO  org.hibernate.Version - HHH000412: Hibernate ORM core version 5.6.5.Final
""2022-07-04 10:10:08 [restartedMain] INFO  o.h.annotations.common.Version - HCANN000001: Hibernate Commons Annotations {5.1.2.Final}
""2022-07-04 10:10:08 [restartedMain] INFO  org.hibernate.dialect.Dialect - HHH000400: Using dialect: org.hibernate.dialect.H2Dialect
""2022-07-04 10:10:09 [restartedMain] INFO  o.h.e.t.j.p.i.JtaPlatformInitiator - HHH000490: Using JtaPlatform implementation: [org.hibernate.engine.transaction.jta.platform.internal.NoJtaPlatform]
""2022-07-04 10:10:09 [restartedMain] INFO  o.s.o.j.LocalContainerEntityManagerFactoryBean - Initialized JPA EntityManagerFactory for persistence unit 'default'
""2022-07-04 10:10:10 [restartedMain] WARN  o.s.b.a.o.j.JpaBaseConfiguration$JpaWebConfiguration - spring.jpa.open-in-view is enabled by default. Therefore, database queries may be performed during view rendering. Explicitly configure spring.jpa.open-in-view to disable this warning
""2022-07-04 10:10:12 [restartedMain] INFO  o.s.s.web.DefaultSecurityFilterChain - Will not secure any request
""2022-07-04 10:10:12 [restartedMain] WARN  o.s.b.d.a.OptionalLiveReloadServer - Unable to start LiveReload server
""2022-07-04 10:10:13 [restartedMain] WARN  o.s.b.w.s.c.AnnotationConfigServletWebServerApplicationContext - Exception encountered during context initialization - cancelling refresh attempt: org.springframework.context.ApplicationContextException: Failed to start bean 'webServerStartStop'; nested exception is org.springframework.boot.web.server.PortInUseException: Port 8081 is already in use
""2022-07-04 10:10:13 [restartedMain] INFO  o.s.o.j.LocalContainerEntityManagerFactoryBean - Closing JPA EntityManagerFactory for persistence unit 'default'
""2022-07-04 10:10:13 [restartedMain] WARN  o.s.b.f.s.DisposableBeanAdapter - Invocation of destroy method failed on bean with name 'inMemoryDatabaseShutdownExecutor': org.h2.jdbc.JdbcSQLNonTransientConnectionException: Database is already closed (to disable automatic closing at VM shutdown, add ";DB_CLOSE_ON_EXIT=FALSE" to the db URL) [90121-200]
""2022-07-04 10:10:13 [restartedMain] INFO  com.zaxxer.hikari.HikariDataSource - HikariPool-1 - Shutdown initiated...
""2022-07-04 10:10:13 [restartedMain] INFO  com.zaxxer.hikari.HikariDataSource - HikariPool-1 - Shutdown completed.
""2022-07-04 10:10:13 [restartedMain] INFO  o.a.catalina.core.StandardService - Stopping service [Tomcat]
""2022-07-04 10:10:13 [restartedMain] INFO  o.s.b.a.l.ConditionEvaluationReportLoggingListener - 

Error starting ApplicationContext. To display the conditions report re-run your application with 'debug' enabled.
""2022-07-04 10:10:14 [restartedMain] ERROR o.s.b.d.LoggingFailureAnalysisReporter - 

***************************
APPLICATION FAILED TO START
***************************

Description:

Web server failed to start. Port 8081 was already in use.

Action:

Identify and stop the process that's listening on port 8081 or configure this application to listen on another port.

""2022-07-04 10:34:56 [restartedMain] INFO  c.c.a.AuthorizationApplication - Starting AuthorizationApplication using Java 17.0.2 on DESKTOP-AFP5QJR with PID 1180 (C:\Users\HP\Downloads\5_6143241665072072678\Portfolio project\Portfolio project\Authorization\target\classes started by HP in C:\Users\HP\Downloads\5_6143241665072072678\Portfolio project\Portfolio project\Authorization)
""2022-07-04 10:34:56 [restartedMain] INFO  c.c.a.AuthorizationApplication - No active profile set, falling back to 1 default profile: "default"
""2022-07-04 10:34:57 [restartedMain] INFO  o.s.b.d.e.DevToolsPropertyDefaultsPostProcessor - Devtools property defaults active! Set 'spring.devtools.add-properties' to 'false' to disable
""2022-07-04 10:34:57 [restartedMain] INFO  o.s.b.d.e.DevToolsPropertyDefaultsPostProcessor - For additional web related logging consider setting the 'logging.level.web' property to 'DEBUG'
""2022-07-04 10:35:03 [restartedMain] INFO  o.s.d.r.c.RepositoryConfigurationDelegate - Bootstrapping Spring Data JPA repositories in DEFAULT mode.
""2022-07-04 10:35:03 [restartedMain] INFO  o.s.d.r.c.RepositoryConfigurationDelegate - Finished Spring Data repository scanning in 278 ms. Found 1 JPA repository interfaces.
""2022-07-04 10:35:11 [restartedMain] INFO  o.s.b.w.e.tomcat.TomcatWebServer - Tomcat initialized with port(s): 8081 (http)
""2022-07-04 10:35:11 [restartedMain] INFO  o.a.catalina.core.StandardService - Starting service [Tomcat]
""2022-07-04 10:35:11 [restartedMain] INFO  o.a.catalina.core.StandardEngine - Starting Servlet engine: [Apache Tomcat/9.0.58]
""2022-07-04 10:35:11 [restartedMain] INFO  o.a.c.c.C.[Tomcat].[localhost].[/] - Initializing Spring embedded WebApplicationContext
""2022-07-04 10:35:11 [restartedMain] INFO  o.s.b.w.s.c.ServletWebServerApplicationContext - Root WebApplicationContext: initialization completed in 14312 ms
""2022-07-04 10:35:11 [restartedMain] INFO  com.zaxxer.hikari.HikariDataSource - HikariPool-1 - Starting...
""2022-07-04 10:35:12 [restartedMain] INFO  com.zaxxer.hikari.HikariDataSource - HikariPool-1 - Start completed.
""2022-07-04 10:35:12 [restartedMain] INFO  o.s.b.a.h.H2ConsoleAutoConfiguration - H2 console available at '/h2-console'. Database available at 'jdbc:h2:mem:pms'
""2022-07-04 10:35:13 [restartedMain] INFO  o.h.jpa.internal.util.LogHelper - HHH000204: Processing PersistenceUnitInfo [name: default]
""2022-07-04 10:35:14 [restartedMain] INFO  org.hibernate.Version - HHH000412: Hibernate ORM core version 5.6.5.Final
""2022-07-04 10:35:14 [restartedMain] INFO  o.h.annotations.common.Version - HCANN000001: Hibernate Commons Annotations {5.1.2.Final}
""2022-07-04 10:35:15 [restartedMain] INFO  org.hibernate.dialect.Dialect - HHH000400: Using dialect: org.hibernate.dialect.H2Dialect
""2022-07-04 10:35:18 [restartedMain] INFO  o.h.e.t.j.p.i.JtaPlatformInitiator - HHH000490: Using JtaPlatform implementation: [org.hibernate.engine.transaction.jta.platform.internal.NoJtaPlatform]
""2022-07-04 10:35:19 [restartedMain] INFO  o.s.o.j.LocalContainerEntityManagerFactoryBean - Initialized JPA EntityManagerFactory for persistence unit 'default'
""2022-07-04 10:35:22 [restartedMain] WARN  o.s.b.a.o.j.JpaBaseConfiguration$JpaWebConfiguration - spring.jpa.open-in-view is enabled by default. Therefore, database queries may be performed during view rendering. Explicitly configure spring.jpa.open-in-view to disable this warning
""2022-07-04 10:35:26 [restartedMain] INFO  o.s.s.web.DefaultSecurityFilterChain - Will not secure any request
""2022-07-04 10:35:27 [restartedMain] WARN  o.s.b.d.a.OptionalLiveReloadServer - Unable to start LiveReload server
""2022-07-04 10:35:29 [restartedMain] INFO  o.s.b.w.e.tomcat.TomcatWebServer - Tomcat started on port(s): 8081 (http) with context path ''
""2022-07-04 10:35:31 [restartedMain] INFO  c.c.a.AuthorizationApplication - Started AuthorizationApplication in 36.769 seconds (JVM running for 39.725)
""2022-07-04 13:21:23 [restartedMain] INFO  c.c.a.AuthorizationApplication - Starting AuthorizationApplication using Java 17.0.2 on DESKTOP-AFP5QJR with PID 14156 (C:\Users\HP\Downloads\5_6143241665072072678\Portfolio project\Portfolio project\Authorization\target\classes started by HP in C:\Users\HP\Downloads\5_6143241665072072678\Portfolio project\Portfolio project\Authorization)
""2022-07-04 13:21:23 [restartedMain] INFO  c.c.a.AuthorizationApplication - No active profile set, falling back to 1 default profile: "default"
""2022-07-04 13:21:23 [restartedMain] INFO  o.s.b.d.e.DevToolsPropertyDefaultsPostProcessor - Devtools property defaults active! Set 'spring.devtools.add-properties' to 'false' to disable
""2022-07-04 13:21:23 [restartedMain] INFO  o.s.b.d.e.DevToolsPropertyDefaultsPostProcessor - For additional web related logging consider setting the 'logging.level.web' property to 'DEBUG'
""2022-07-04 13:21:25 [restartedMain] INFO  o.s.d.r.c.RepositoryConfigurationDelegate - Bootstrapping Spring Data JPA repositories in DEFAULT mode.
""2022-07-04 13:21:26 [restartedMain] INFO  o.s.d.r.c.RepositoryConfigurationDelegate - Finished Spring Data repository scanning in 125 ms. Found 1 JPA repository interfaces.
""2022-07-04 13:22:07 [restartedMain] INFO  c.c.a.AuthorizationApplication - Starting AuthorizationApplication using Java 17.0.2 on DESKTOP-AFP5QJR with PID 10536 (C:\Users\HP\Downloads\5_6143241665072072678\Portfolio project\Portfolio project\Authorization\target\classes started by HP in C:\Users\HP\Downloads\5_6143241665072072678\Portfolio project\Portfolio project\Authorization)
""2022-07-04 13:22:07 [restartedMain] INFO  c.c.a.AuthorizationApplication - No active profile set, falling back to 1 default profile: "default"
""2022-07-04 13:22:07 [restartedMain] INFO  o.s.b.d.e.DevToolsPropertyDefaultsPostProcessor - Devtools property defaults active! Set 'spring.devtools.add-properties' to 'false' to disable
""2022-07-04 13:22:07 [restartedMain] INFO  o.s.b.d.e.DevToolsPropertyDefaultsPostProcessor - For additional web related logging consider setting the 'logging.level.web' property to 'DEBUG'
""2022-07-04 13:22:10 [restartedMain] INFO  o.s.d.r.c.RepositoryConfigurationDelegate - Bootstrapping Spring Data JPA repositories in DEFAULT mode.
""2022-07-04 13:22:10 [restartedMain] INFO  o.s.d.r.c.RepositoryConfigurationDelegate - Finished Spring Data repository scanning in 118 ms. Found 1 JPA repository interfaces.
""2022-07-04 13:22:12 [restartedMain] INFO  o.s.b.w.e.tomcat.TomcatWebServer - Tomcat initialized with port(s): 8081 (http)
""2022-07-04 13:22:13 [restartedMain] INFO  o.a.catalina.core.StandardService - Starting service [Tomcat]
""2022-07-04 13:22:13 [restartedMain] INFO  o.a.catalina.core.StandardEngine - Starting Servlet engine: [Apache Tomcat/9.0.58]
""2022-07-04 13:22:13 [restartedMain] INFO  o.a.c.c.C.[Tomcat].[localhost].[/] - Initializing Spring embedded WebApplicationContext
""2022-07-04 13:22:13 [restartedMain] INFO  o.s.b.w.s.c.ServletWebServerApplicationContext - Root WebApplicationContext: initialization completed in 5312 ms
""2022-07-04 13:22:13 [restartedMain] INFO  com.zaxxer.hikari.HikariDataSource - HikariPool-1 - Starting...
""2022-07-04 13:22:13 [restartedMain] INFO  com.zaxxer.hikari.HikariDataSource - HikariPool-1 - Start completed.
""2022-07-04 13:22:13 [restartedMain] INFO  o.s.b.a.h.H2ConsoleAutoConfiguration - H2 console available at '/h2-console'. Database available at 'jdbc:h2:mem:pms'
""2022-07-04 13:22:14 [restartedMain] INFO  o.h.jpa.internal.util.LogHelper - HHH000204: Processing PersistenceUnitInfo [name: default]
""2022-07-04 13:22:14 [restartedMain] INFO  org.hibernate.Version - HHH000412: Hibernate ORM core version 5.6.5.Final
""2022-07-04 13:22:14 [restartedMain] INFO  o.h.annotations.common.Version - HCANN000001: Hibernate Commons Annotations {5.1.2.Final}
""2022-07-04 13:22:15 [restartedMain] INFO  org.hibernate.dialect.Dialect - HHH000400: Using dialect: org.hibernate.dialect.H2Dialect
""2022-07-04 13:22:16 [restartedMain] INFO  o.h.e.t.j.p.i.JtaPlatformInitiator - HHH000490: Using JtaPlatform implementation: [org.hibernate.engine.transaction.jta.platform.internal.NoJtaPlatform]
""2022-07-04 13:22:16 [restartedMain] INFO  o.s.o.j.LocalContainerEntityManagerFactoryBean - Initialized JPA EntityManagerFactory for persistence unit 'default'
""2022-07-04 13:22:17 [restartedMain] WARN  o.s.b.a.o.j.JpaBaseConfiguration$JpaWebConfiguration - spring.jpa.open-in-view is enabled by default. Therefore, database queries may be performed during view rendering. Explicitly configure spring.jpa.open-in-view to disable this warning
""2022-07-04 13:22:20 [restartedMain] INFO  o.s.s.web.DefaultSecurityFilterChain - Will not secure any request
""2022-07-04 13:22:21 [restartedMain] INFO  o.s.b.d.a.OptionalLiveReloadServer - LiveReload server is running on port 35729
""2022-07-04 13:22:22 [restartedMain] INFO  o.s.b.w.e.tomcat.TomcatWebServer - Tomcat started on port(s): 8081 (http) with context path ''
""2022-07-04 13:22:22 [restartedMain] INFO  c.c.a.AuthorizationApplication - Started AuthorizationApplication in 16.171 seconds (JVM running for 17.654)
""2022-07-04 14:59:55 [restartedMain] INFO  c.c.a.AuthorizationApplication - Starting AuthorizationApplication using Java 17.0.2 on DESKTOP-AFP5QJR with PID 4392 (C:\Users\HP\Downloads\5_6143241665072072678\Portfolio project\Portfolio project\Authorization\target\classes started by HP in C:\Users\HP\Downloads\5_6143241665072072678\Portfolio project\Portfolio project\Authorization)
""2022-07-04 14:59:55 [restartedMain] INFO  c.c.a.AuthorizationApplication - No active profile set, falling back to 1 default profile: "default"
""2022-07-04 14:59:56 [restartedMain] INFO  o.s.b.d.e.DevToolsPropertyDefaultsPostProcessor - Devtools property defaults active! Set 'spring.devtools.add-properties' to 'false' to disable
""2022-07-04 14:59:56 [restartedMain] INFO  o.s.b.d.e.DevToolsPropertyDefaultsPostProcessor - For additional web related logging consider setting the 'logging.level.web' property to 'DEBUG'
""2022-07-04 14:59:58 [restartedMain] INFO  o.s.d.r.c.RepositoryConfigurationDelegate - Bootstrapping Spring Data JPA repositories in DEFAULT mode.
""2022-07-04 14:59:58 [restartedMain] INFO  o.s.d.r.c.RepositoryConfigurationDelegate - Finished Spring Data repository scanning in 155 ms. Found 1 JPA repository interfaces.
""2022-07-04 15:00:06 [restartedMain] INFO  o.s.b.w.e.tomcat.TomcatWebServer - Tomcat initialized with port(s): 8081 (http)
""2022-07-04 15:00:06 [restartedMain] INFO  o.a.catalina.core.StandardService - Starting service [Tomcat]
""2022-07-04 15:00:06 [restartedMain] INFO  o.a.catalina.core.StandardEngine - Starting Servlet engine: [Apache Tomcat/9.0.58]
""2022-07-04 15:00:06 [restartedMain] INFO  o.a.c.c.C.[Tomcat].[localhost].[/] - Initializing Spring embedded WebApplicationContext
""2022-07-04 15:00:06 [restartedMain] INFO  o.s.b.w.s.c.ServletWebServerApplicationContext - Root WebApplicationContext: initialization completed in 10304 ms
""2022-07-04 15:00:06 [restartedMain] INFO  com.zaxxer.hikari.HikariDataSource - HikariPool-1 - Starting...
""2022-07-04 15:00:07 [restartedMain] INFO  com.zaxxer.hikari.HikariDataSource - HikariPool-1 - Start completed.
""2022-07-04 15:00:07 [restartedMain] INFO  o.s.b.a.h.H2ConsoleAutoConfiguration - H2 console available at '/h2-console'. Database available at 'jdbc:h2:mem:pms'
""2022-07-04 15:00:07 [restartedMain] INFO  o.h.jpa.internal.util.LogHelper - HHH000204: Processing PersistenceUnitInfo [name: default]
""2022-07-04 15:00:07 [restartedMain] INFO  org.hibernate.Version - HHH000412: Hibernate ORM core version 5.6.5.Final
""2022-07-04 15:00:08 [restartedMain] INFO  o.h.annotations.common.Version - HCANN000001: Hibernate Commons Annotations {5.1.2.Final}
""2022-07-04 15:00:08 [restartedMain] INFO  org.hibernate.dialect.Dialect - HHH000400: Using dialect: org.hibernate.dialect.H2Dialect
""2022-07-04 15:00:09 [restartedMain] INFO  o.h.e.t.j.p.i.JtaPlatformInitiator - HHH000490: Using JtaPlatform implementation: [org.hibernate.engine.transaction.jta.platform.internal.NoJtaPlatform]
""2022-07-04 15:00:10 [restartedMain] INFO  o.s.o.j.LocalContainerEntityManagerFactoryBean - Initialized JPA EntityManagerFactory for persistence unit 'default'
""2022-07-04 15:00:11 [restartedMain] WARN  o.s.b.a.o.j.JpaBaseConfiguration$JpaWebConfiguration - spring.jpa.open-in-view is enabled by default. Therefore, database queries may be performed during view rendering. Explicitly configure spring.jpa.open-in-view to disable this warning
""2022-07-04 15:00:12 [restartedMain] INFO  o.s.s.web.DefaultSecurityFilterChain - Will not secure any request
""2022-07-04 15:00:12 [restartedMain] INFO  o.s.b.d.a.OptionalLiveReloadServer - LiveReload server is running on port 35729
""2022-07-04 15:00:13 [restartedMain] INFO  o.s.b.w.e.tomcat.TomcatWebServer - Tomcat started on port(s): 8081 (http) with context path ''
""2022-07-04 15:00:14 [restartedMain] INFO  c.c.a.AuthorizationApplication - Started AuthorizationApplication in 19.857 seconds (JVM running for 21.297)
""2022-07-04 15:02:35 [http-nio-8081-exec-1] INFO  o.a.c.c.C.[Tomcat].[localhost].[/] - Initializing Spring DispatcherServlet 'dispatcherServlet'
""2022-07-04 15:02:35 [http-nio-8081-exec-1] INFO  o.s.web.servlet.DispatcherServlet - Initializing Servlet 'dispatcherServlet'
""2022-07-04 15:02:35 [http-nio-8081-exec-1] INFO  o.s.web.servlet.DispatcherServlet - Completed initialization in 2 ms
""2022-07-04 15:02:35 [http-nio-8081-exec-2] INFO  c.c.a.controller.AuthController - Authentication started....
""2022-07-04 15:02:35 [http-nio-8081-exec-2] INFO  c.c.a.controller.AuthController - Authentication successfully..
""2022-07-04 15:02:35 [http-nio-8081-exec-2] INFO  c.c.a.controller.AuthController - Received request to generate token for amruta
""2022-07-04 15:02:39 [http-nio-8081-exec-3] INFO  c.c.a.util.JwtRequestFilter - SecurityContextHolder was null!!!
""2022-07-04 15:02:39 [http-nio-8081-exec-4] INFO  c.c.a.util.JwtRequestFilter - SecurityContextHolder was null!!!
""2022-07-04 15:02:39 [http-nio-8081-exec-3] INFO  c.c.a.controller.AuthController - Getting username by token...
""2022-07-04 15:02:39 [http-nio-8081-exec-4] INFO  c.c.a.controller.AuthController - Getting username by token...
""2022-07-04 15:02:46 [http-nio-8081-exec-5] INFO  c.c.a.util.JwtRequestFilter - SecurityContextHolder was null!!!
""2022-07-04 15:02:46 [http-nio-8081-exec-5] INFO  c.c.a.controller.AuthController - Getting userId by token...
""2022-07-04 15:02:46 [http-nio-8081-exec-6] INFO  c.c.a.util.JwtRequestFilter - SecurityContextHolder was null!!!
""2022-07-04 15:02:46 [http-nio-8081-exec-6] INFO  c.c.a.controller.AuthController - Getting userId by token...
""2022-07-04 15:02:46 [http-nio-8081-exec-7] INFO  c.c.a.util.JwtRequestFilter - SecurityContextHolder was null!!!
""2022-07-04 15:02:46 [http-nio-8081-exec-7] INFO  c.c.a.controller.AuthController - Getting username by token...
""2022-07-04 15:02:46 [http-nio-8081-exec-8] INFO  c.c.a.util.JwtRequestFilter - SecurityContextHolder was null!!!
""2022-07-04 15:02:46 [http-nio-8081-exec-8] INFO  c.c.a.controller.AuthController - Getting username by token...
""2022-07-04 15:02:47 [http-nio-8081-exec-9] INFO  c.c.a.util.JwtRequestFilter - SecurityContextHolder was null!!!
""2022-07-04 15:02:47 [http-nio-8081-exec-9] INFO  c.c.a.controller.AuthController - Getting username by token...
""2022-07-04 15:02:47 [http-nio-8081-exec-10] INFO  c.c.a.util.JwtRequestFilter - SecurityContextHolder was null!!!
""2022-07-04 15:02:47 [http-nio-8081-exec-10] INFO  c.c.a.controller.AuthController - Getting username by token...
""2022-07-04 15:02:47 [http-nio-8081-exec-1] INFO  c.c.a.util.JwtRequestFilter - SecurityContextHolder was null!!!
""2022-07-04 15:02:47 [http-nio-8081-exec-1] INFO  c.c.a.controller.AuthController - Getting username by token...
""2022-07-04 15:02:47 [http-nio-8081-exec-2] INFO  c.c.a.util.JwtRequestFilter - SecurityContextHolder was null!!!
""2022-07-04 15:02:47 [http-nio-8081-exec-2] INFO  c.c.a.controller.AuthController - Getting username by token...
""2022-07-04 15:02:47 [http-nio-8081-exec-3] INFO  c.c.a.util.JwtRequestFilter - SecurityContextHolder was null!!!
""2022-07-04 15:02:47 [http-nio-8081-exec-3] INFO  c.c.a.controller.AuthController - Getting username by token...
""2022-07-04 15:02:47 [http-nio-8081-exec-4] INFO  c.c.a.util.JwtRequestFilter - SecurityContextHolder was null!!!
""2022-07-04 15:02:47 [http-nio-8081-exec-4] INFO  c.c.a.controller.AuthController - Getting username by token...
""2022-07-04 15:04:25 [http-nio-8081-exec-10] INFO  c.c.a.controller.AuthController - Authentication started....
""2022-07-04 15:04:25 [http-nio-8081-exec-10] INFO  c.c.a.controller.AuthController - Authentication successfully..
""2022-07-04 15:04:25 [http-nio-8081-exec-10] INFO  c.c.a.controller.AuthController - Received request to generate token for amruta
""2022-07-04 15:05:03 [http-nio-8081-exec-1] INFO  c.c.a.util.JwtRequestFilter - SecurityContextHolder was null!!!
""2022-07-04 15:05:03 [http-nio-8081-exec-2] INFO  c.c.a.util.JwtRequestFilter - SecurityContextHolder was null!!!
""2022-07-04 15:05:03 [http-nio-8081-exec-1] INFO  c.c.a.controller.AuthController - Getting username by token...
""2022-07-04 15:05:03 [http-nio-8081-exec-2] INFO  c.c.a.controller.AuthController - Getting username by token...
""2022-07-04 15:27:20 [Thread-5] INFO  o.s.o.j.LocalContainerEntityManagerFactoryBean - Closing JPA EntityManagerFactory for persistence unit 'default'
""2022-07-04 15:27:20 [Thread-5] WARN  o.s.b.f.s.DisposableBeanAdapter - Invocation of destroy method failed on bean with name 'inMemoryDatabaseShutdownExecutor': org.h2.jdbc.JdbcSQLNonTransientConnectionException: Database is already closed (to disable automatic closing at VM shutdown, add ";DB_CLOSE_ON_EXIT=FALSE" to the db URL) [90121-200]
""2022-07-04 15:27:20 [Thread-5] INFO  com.zaxxer.hikari.HikariDataSource - HikariPool-1 - Shutdown initiated...
""2022-07-04 15:27:20 [Thread-5] INFO  com.zaxxer.hikari.HikariDataSource - HikariPool-1 - Shutdown completed.
""2022-07-04 15:27:20 [restartedMain] INFO  c.c.a.AuthorizationApplication - Starting AuthorizationApplication using Java 17.0.2 on DESKTOP-AFP5QJR with PID 4392 (C:\Users\HP\Downloads\5_6143241665072072678\Portfolio project\Portfolio project\Authorization\target\classes started by HP in C:\Users\HP\Downloads\5_6143241665072072678\Portfolio project\Portfolio project\Authorization)
""2022-07-04 15:27:20 [restartedMain] INFO  c.c.a.AuthorizationApplication - No active profile set, falling back to 1 default profile: "default"
""2022-07-04 15:27:22 [restartedMain] INFO  o.s.d.r.c.RepositoryConfigurationDelegate - Bootstrapping Spring Data JPA repositories in DEFAULT mode.
""2022-07-04 15:27:22 [restartedMain] INFO  o.s.d.r.c.RepositoryConfigurationDelegate - Finished Spring Data repository scanning in 32 ms. Found 1 JPA repository interfaces.
""2022-07-04 15:27:22 [restartedMain] INFO  o.s.b.w.e.tomcat.TomcatWebServer - Tomcat initialized with port(s): 8081 (http)
""2022-07-04 15:27:22 [restartedMain] INFO  o.a.catalina.core.StandardService - Starting service [Tomcat]
""2022-07-04 15:27:22 [restartedMain] INFO  o.a.catalina.core.StandardEngine - Starting Servlet engine: [Apache Tomcat/9.0.58]
""2022-07-04 15:27:22 [restartedMain] INFO  o.a.c.c.C.[Tomcat].[localhost].[/] - Initializing Spring embedded WebApplicationContext
""2022-07-04 15:27:22 [restartedMain] INFO  o.s.b.w.s.c.ServletWebServerApplicationContext - Root WebApplicationContext: initialization completed in 1953 ms
""2022-07-04 15:27:22 [restartedMain] INFO  com.zaxxer.hikari.HikariDataSource - HikariPool-2 - Starting...
""2022-07-04 15:27:22 [restartedMain] INFO  com.zaxxer.hikari.HikariDataSource - HikariPool-2 - Start completed.
""2022-07-04 15:27:22 [restartedMain] INFO  o.s.b.a.h.H2ConsoleAutoConfiguration - H2 console available at '/h2-console'. Database available at 'jdbc:h2:mem:pms'
""2022-07-04 15:27:23 [restartedMain] INFO  o.h.jpa.internal.util.LogHelper - HHH000204: Processing PersistenceUnitInfo [name: default]
""2022-07-04 15:27:23 [restartedMain] INFO  org.hibernate.dialect.Dialect - HHH000400: Using dialect: org.hibernate.dialect.H2Dialect
""2022-07-04 15:27:23 [restartedMain] INFO  o.h.e.t.j.p.i.JtaPlatformInitiator - HHH000490: Using JtaPlatform implementation: [org.hibernate.engine.transaction.jta.platform.internal.NoJtaPlatform]
""2022-07-04 15:27:23 [restartedMain] INFO  o.s.o.j.LocalContainerEntityManagerFactoryBean - Initialized JPA EntityManagerFactory for persistence unit 'default'
""2022-07-04 15:27:23 [restartedMain] WARN  o.s.b.a.o.j.JpaBaseConfiguration$JpaWebConfiguration - spring.jpa.open-in-view is enabled by default. Therefore, database queries may be performed during view rendering. Explicitly configure spring.jpa.open-in-view to disable this warning
""2022-07-04 15:27:23 [restartedMain] INFO  o.s.s.web.DefaultSecurityFilterChain - Will not secure any request
""2022-07-04 15:27:23 [restartedMain] INFO  o.s.b.d.a.OptionalLiveReloadServer - LiveReload server is running on port 35729
""2022-07-04 15:27:24 [restartedMain] INFO  o.s.b.w.e.tomcat.TomcatWebServer - Tomcat started on port(s): 8081 (http) with context path ''
""2022-07-04 15:27:24 [restartedMain] INFO  c.c.a.AuthorizationApplication - Started AuthorizationApplication in 3.286 seconds (JVM running for 1650.668)
""2022-07-04 15:27:24 [restartedMain] INFO  o.s.b.d.a.ConditionEvaluationDeltaLoggingListener - Condition evaluation unchanged
""2022-07-04 15:27:55 [restartedMain] INFO  c.c.a.AuthorizationApplication - Starting AuthorizationApplication using Java 17.0.2 on DESKTOP-AFP5QJR with PID 14320 (C:\Users\HP\Downloads\5_6143241665072072678\Portfolio project\Portfolio project\Authorization\target\classes started by HP in C:\Users\HP\Downloads\5_6143241665072072678\Portfolio project\Portfolio project\Authorization)
""2022-07-04 15:27:55 [restartedMain] INFO  c.c.a.AuthorizationApplication - No active profile set, falling back to 1 default profile: "default"
""2022-07-04 15:27:56 [restartedMain] INFO  o.s.b.d.e.DevToolsPropertyDefaultsPostProcessor - Devtools property defaults active! Set 'spring.devtools.add-properties' to 'false' to disable
""2022-07-04 15:27:56 [restartedMain] INFO  o.s.b.d.e.DevToolsPropertyDefaultsPostProcessor - For additional web related logging consider setting the 'logging.level.web' property to 'DEBUG'
""2022-07-04 15:28:00 [restartedMain] INFO  o.s.d.r.c.RepositoryConfigurationDelegate - Bootstrapping Spring Data JPA repositories in DEFAULT mode.
""2022-07-04 15:28:00 [restartedMain] INFO  o.s.d.r.c.RepositoryConfigurationDelegate - Finished Spring Data repository scanning in 160 ms. Found 1 JPA repository interfaces.
""2022-07-04 15:28:02 [restartedMain] INFO  o.s.b.w.e.tomcat.TomcatWebServer - Tomcat initialized with port(s): 8081 (http)
""2022-07-04 15:28:02 [restartedMain] INFO  o.a.catalina.core.StandardService - Starting service [Tomcat]
""2022-07-04 15:28:02 [restartedMain] INFO  o.a.catalina.core.StandardEngine - Starting Servlet engine: [Apache Tomcat/9.0.58]
""2022-07-04 15:28:03 [restartedMain] INFO  o.a.c.c.C.[Tomcat].[localhost].[/] - Initializing Spring embedded WebApplicationContext
""2022-07-04 15:28:03 [restartedMain] INFO  o.s.b.w.s.c.ServletWebServerApplicationContext - Root WebApplicationContext: initialization completed in 6818 ms
""2022-07-04 15:28:03 [restartedMain] INFO  com.zaxxer.hikari.HikariDataSource - HikariPool-1 - Starting...
""2022-07-04 15:28:04 [restartedMain] INFO  com.zaxxer.hikari.HikariDataSource - HikariPool-1 - Start completed.
""2022-07-04 15:28:04 [restartedMain] INFO  o.s.b.a.h.H2ConsoleAutoConfiguration - H2 console available at '/h2-console'. Database available at 'jdbc:h2:mem:pms'
""2022-07-04 15:28:05 [restartedMain] INFO  o.h.jpa.internal.util.LogHelper - HHH000204: Processing PersistenceUnitInfo [name: default]
""2022-07-04 15:28:05 [restartedMain] INFO  org.hibernate.Version - HHH000412: Hibernate ORM core version 5.6.5.Final
""2022-07-04 15:28:05 [restartedMain] INFO  o.h.annotations.common.Version - HCANN000001: Hibernate Commons Annotations {5.1.2.Final}
""2022-07-04 15:28:06 [restartedMain] INFO  org.hibernate.dialect.Dialect - HHH000400: Using dialect: org.hibernate.dialect.H2Dialect
""2022-07-04 15:28:08 [restartedMain] INFO  o.h.e.t.j.p.i.JtaPlatformInitiator - HHH000490: Using JtaPlatform implementation: [org.hibernate.engine.transaction.jta.platform.internal.NoJtaPlatform]
""2022-07-04 15:28:08 [restartedMain] INFO  o.s.o.j.LocalContainerEntityManagerFactoryBean - Initialized JPA EntityManagerFactory for persistence unit 'default'
""2022-07-04 15:28:10 [restartedMain] WARN  o.s.b.a.o.j.JpaBaseConfiguration$JpaWebConfiguration - spring.jpa.open-in-view is enabled by default. Therefore, database queries may be performed during view rendering. Explicitly configure spring.jpa.open-in-view to disable this warning
""2022-07-04 15:28:12 [restartedMain] INFO  o.s.s.web.DefaultSecurityFilterChain - Will not secure any request
""2022-07-04 15:28:13 [restartedMain] WARN  o.s.b.d.a.OptionalLiveReloadServer - Unable to start LiveReload server
""2022-07-04 15:28:13 [restartedMain] INFO  o.s.b.w.e.tomcat.TomcatWebServer - Tomcat started on port(s): 8081 (http) with context path ''
""2022-07-04 15:28:14 [restartedMain] INFO  c.c.a.AuthorizationApplication - Started AuthorizationApplication in 21.128 seconds (JVM running for 23.641)
""2022-07-04 15:28:45 [http-nio-8081-exec-1] INFO  o.a.c.c.C.[Tomcat].[localhost].[/] - Initializing Spring DispatcherServlet 'dispatcherServlet'
""2022-07-04 15:28:45 [http-nio-8081-exec-1] INFO  o.s.web.servlet.DispatcherServlet - Initializing Servlet 'dispatcherServlet'
""2022-07-04 15:28:45 [http-nio-8081-exec-1] INFO  o.s.web.servlet.DispatcherServlet - Completed initialization in 1 ms
""2022-07-04 15:28:45 [http-nio-8081-exec-1] INFO  c.c.a.controller.AuthController - Authentication started....
""2022-07-04 15:28:45 [http-nio-8081-exec-1] INFO  c.c.a.controller.AuthController - Authentication successfully..
""2022-07-04 15:28:45 [http-nio-8081-exec-1] INFO  c.c.a.controller.AuthController - Received request to generate token for blessy
""2022-07-04 15:28:48 [http-nio-8081-exec-3] INFO  c.c.a.util.JwtRequestFilter - SecurityContextHolder was null!!!
""2022-07-04 15:28:48 [http-nio-8081-exec-2] INFO  c.c.a.util.JwtRequestFilter - SecurityContextHolder was null!!!
""2022-07-04 15:28:48 [http-nio-8081-exec-2] INFO  c.c.a.controller.AuthController - Getting username by token...
""2022-07-04 15:28:48 [http-nio-8081-exec-3] INFO  c.c.a.controller.AuthController - Getting username by token...
""2022-07-04 15:28:55 [http-nio-8081-exec-5] INFO  c.c.a.util.JwtRequestFilter - SecurityContextHolder was null!!!
""2022-07-04 15:28:55 [http-nio-8081-exec-4] INFO  c.c.a.util.JwtRequestFilter - SecurityContextHolder was null!!!
""2022-07-04 15:28:55 [http-nio-8081-exec-4] INFO  c.c.a.controller.AuthController - Getting userId by token...
""2022-07-04 15:28:55 [http-nio-8081-exec-5] INFO  c.c.a.controller.AuthController - Getting userId by token...
""2022-07-04 15:28:55 [http-nio-8081-exec-6] INFO  c.c.a.util.JwtRequestFilter - SecurityContextHolder was null!!!
""2022-07-04 15:28:55 [http-nio-8081-exec-6] INFO  c.c.a.controller.AuthController - Getting username by token...
""2022-07-04 15:28:55 [http-nio-8081-exec-7] INFO  c.c.a.util.JwtRequestFilter - SecurityContextHolder was null!!!
""2022-07-04 15:28:55 [http-nio-8081-exec-8] INFO  c.c.a.util.JwtRequestFilter - SecurityContextHolder was null!!!
""2022-07-04 15:28:55 [http-nio-8081-exec-7] INFO  c.c.a.controller.AuthController - Getting username by token...
""2022-07-04 15:28:55 [http-nio-8081-exec-8] INFO  c.c.a.controller.AuthController - Getting username by token...
""2022-07-04 15:28:55 [http-nio-8081-exec-10] INFO  c.c.a.util.JwtRequestFilter - SecurityContextHolder was null!!!
""2022-07-04 15:28:55 [http-nio-8081-exec-10] INFO  c.c.a.controller.AuthController - Getting username by token...
""2022-07-04 15:28:55 [http-nio-8081-exec-9] INFO  c.c.a.util.JwtRequestFilter - SecurityContextHolder was null!!!
""2022-07-04 15:28:55 [http-nio-8081-exec-9] INFO  c.c.a.controller.AuthController - Getting username by token...
""2022-07-04 15:28:55 [http-nio-8081-exec-1] INFO  c.c.a.util.JwtRequestFilter - SecurityContextHolder was null!!!
""2022-07-04 15:28:55 [http-nio-8081-exec-1] INFO  c.c.a.controller.AuthController - Getting username by token...
""2022-07-04 15:28:55 [http-nio-8081-exec-3] INFO  c.c.a.util.JwtRequestFilter - SecurityContextHolder was null!!!
""2022-07-04 15:28:55 [http-nio-8081-exec-3] INFO  c.c.a.controller.AuthController - Getting username by token...
""2022-07-04 15:28:55 [http-nio-8081-exec-2] INFO  c.c.a.util.JwtRequestFilter - SecurityContextHolder was null!!!
""2022-07-04 15:28:55 [http-nio-8081-exec-2] INFO  c.c.a.controller.AuthController - Getting username by token...
""2022-07-04 15:29:00 [http-nio-8081-exec-5] INFO  c.c.a.util.JwtRequestFilter - SecurityContextHolder was null!!!
""2022-07-04 15:29:00 [http-nio-8081-exec-5] INFO  c.c.a.controller.AuthController - Getting userId by token...
""2022-07-04 15:29:00 [http-nio-8081-exec-4] INFO  c.c.a.util.JwtRequestFilter - SecurityContextHolder was null!!!
""2022-07-04 15:29:00 [http-nio-8081-exec-6] INFO  c.c.a.util.JwtRequestFilter - SecurityContextHolder was null!!!
""2022-07-04 15:29:00 [http-nio-8081-exec-4] INFO  c.c.a.controller.AuthController - Getting username by token...
""2022-07-04 15:29:00 [http-nio-8081-exec-6] INFO  c.c.a.controller.AuthController - Getting username by token...
""2022-07-04 15:29:00 [http-nio-8081-exec-8] INFO  c.c.a.util.JwtRequestFilter - SecurityContextHolder was null!!!
""2022-07-04 15:29:00 [http-nio-8081-exec-8] INFO  c.c.a.controller.AuthController - Getting username by token...
""2022-07-04 15:29:00 [http-nio-8081-exec-7] INFO  c.c.a.util.JwtRequestFilter - SecurityContextHolder was null!!!
""2022-07-04 15:29:00 [http-nio-8081-exec-7] INFO  c.c.a.controller.AuthController - Getting username by token...
""2022-07-04 15:29:19 [http-nio-8081-exec-9] INFO  c.c.a.util.JwtRequestFilter - SecurityContextHolder was null!!!
""2022-07-04 15:29:19 [http-nio-8081-exec-10] INFO  c.c.a.util.JwtRequestFilter - SecurityContextHolder was null!!!
""2022-07-04 15:29:19 [http-nio-8081-exec-9] INFO  c.c.a.controller.AuthController - Getting userId by token...
""2022-07-04 15:29:19 [http-nio-8081-exec-10] INFO  c.c.a.controller.AuthController - Getting userId by token...
""2022-07-04 15:29:19 [http-nio-8081-exec-3] INFO  c.c.a.util.JwtRequestFilter - SecurityContextHolder was null!!!
""2022-07-04 15:29:19 [http-nio-8081-exec-3] INFO  c.c.a.controller.AuthController - Getting username by token...
""2022-07-04 15:29:19 [http-nio-8081-exec-1] INFO  c.c.a.util.JwtRequestFilter - SecurityContextHolder was null!!!
""2022-07-04 15:29:19 [http-nio-8081-exec-1] INFO  c.c.a.controller.AuthController - Getting username by token...
""2022-07-04 15:29:19 [http-nio-8081-exec-1] INFO  c.c.a.util.JwtRequestFilter - SecurityContextHolder was null!!!
""2022-07-04 15:29:19 [http-nio-8081-exec-5] INFO  c.c.a.util.JwtRequestFilter - SecurityContextHolder was null!!!
""2022-07-04 15:29:19 [http-nio-8081-exec-1] INFO  c.c.a.controller.AuthController - Getting username by token...
""2022-07-04 15:29:19 [http-nio-8081-exec-5] INFO  c.c.a.controller.AuthController - Getting username by token...
""2022-07-04 15:29:19 [http-nio-8081-exec-4] INFO  c.c.a.util.JwtRequestFilter - SecurityContextHolder was null!!!
""2022-07-04 15:29:19 [http-nio-8081-exec-4] INFO  c.c.a.controller.AuthController - Getting username by token...
""2022-07-04 15:29:19 [http-nio-8081-exec-6] INFO  c.c.a.util.JwtRequestFilter - SecurityContextHolder was null!!!
""2022-07-04 15:29:19 [http-nio-8081-exec-6] INFO  c.c.a.controller.AuthController - Getting username by token...
""2022-07-04 15:29:19 [http-nio-8081-exec-8] INFO  c.c.a.util.JwtRequestFilter - SecurityContextHolder was null!!!
""2022-07-04 15:29:19 [http-nio-8081-exec-8] INFO  c.c.a.controller.AuthController - Getting username by token...
""2022-07-04 15:29:20 [http-nio-8081-exec-8] INFO  c.c.a.util.JwtRequestFilter - SecurityContextHolder was null!!!
""2022-07-04 15:29:20 [http-nio-8081-exec-8] INFO  c.c.a.controller.AuthController - Getting username by token...
"